<?xml version="1.0" encoding="UTF-8"?>
<!-- Generated by org.testng.reporters.JUnitReportReporter -->
<testsuite hostname="hunan-pc" failures="0" tests="8" name="ChromeSeleniumTest" time="2.510" errors="0" timestamp="05 Aug 2019 08:44:39 GMT" skipped="0">
  <testcase classname="ChromeSeleniumTest" name="gotoChatAndCheckFriends" time="0.234"/>
  <testcase classname="ChromeSeleniumTest" name="goToChatWithName" time="0.202"/>
  <testcase classname="ChromeSeleniumTest" name="checkTitle" time="0.534"/>
  <testcase classname="ChromeSeleniumTest" name="goToHomePageWithoutName" time="0.179"/>
  <testcase classname="ChromeSeleniumTest" name="goToChatAndAddPost" time="0.533"/>
  <testcase classname="ChromeSeleniumTest" name="gotoChatAndCheckPotss" time="0.148"/>
  <testcase classname="ChromeSeleniumTest" name="gotoChatAndCheckName" time="0.227"/>
  <testcase classname="ChromeSeleniumTest" name="goToChatAngSendMessage" time="0.453"/>
</testsuite> <!-- ChromeSeleniumTest -->
