<?xml version="1.0" encoding="UTF-8"?>
<testsuite xmlns:xsi="http://www.w3.org/2001/XMLSchema-instance" xsi:noNamespaceSchemaLocation="https://maven.apache.org/surefire/maven-surefire-plugin/xsd/surefire-test-report.xsd" name="am.Instigate.app.AppTest" time="0.045" tests="16" errors="0" skipped="1" failures="0">
  <properties>
    <property name="sun.desktop" value="gnome"/>
    <property name="awt.toolkit" value="sun.awt.X11.XToolkit"/>
    <property name="java.specification.version" value="11"/>
    <property name="sun.cpu.isalist" value=""/>
    <property name="sun.jnu.encoding" value="UTF-8"/>
    <property name="java.class.path" value="/home/hunan/Desktop/Instigate/ITC-10/Hunan_Khachatryan/JavaCalculator/my_app/target/test-classes:/home/hunan/Desktop/Instigate/ITC-10/Hunan_Khachatryan/JavaCalculator/my_app/target/classes:/home/hunan/.m2/repository/junit/junit/4.11/junit-4.11.jar:/home/hunan/.m2/repository/org/hamcrest/hamcrest-core/1.3/hamcrest-core-1.3.jar:"/>
    <property name="java.vm.vendor" value="Oracle Corporation"/>
    <property name="sun.arch.data.model" value="64"/>
    <property name="java.vendor.url" value="http://java.oracle.com/"/>
    <property name="user.timezone" value=""/>
    <property name="java.vm.specification.version" value="11"/>
    <property name="os.name" value="Linux"/>
    <property name="sun.java.launcher" value="SUN_STANDARD"/>
    <property name="user.country" value="US"/>
    <property name="sun.boot.library.path" value="/usr/lib/jvm/java-11-openjdk-amd64/lib"/>
    <property name="sun.java.command" value="/home/hunan/Desktop/Instigate/ITC-10/Hunan_Khachatryan/JavaCalculator/my_app/target/surefire/surefirebooter16895324993178662486.jar /home/hunan/Desktop/Instigate/ITC-10/Hunan_Khachatryan/JavaCalculator/my_app/target/surefire 2019-08-02T15-30-50_452-jvmRun1 surefire16280695146077575905tmp surefire_02784582198611980647tmp"/>
    <property name="jdk.debug" value="release"/>
    <property name="surefire.test.class.path" value="/home/hunan/Desktop/Instigate/ITC-10/Hunan_Khachatryan/JavaCalculator/my_app/target/test-classes:/home/hunan/Desktop/Instigate/ITC-10/Hunan_Khachatryan/JavaCalculator/my_app/target/classes:/home/hunan/.m2/repository/junit/junit/4.11/junit-4.11.jar:/home/hunan/.m2/repository/org/hamcrest/hamcrest-core/1.3/hamcrest-core-1.3.jar:"/>
    <property name="sun.cpu.endian" value="little"/>
    <property name="user.home" value="/home/hunan"/>
    <property name="user.language" value="en"/>
    <property name="java.specification.vendor" value="Oracle Corporation"/>
    <property name="java.version.date" value="2019-04-16"/>
    <property name="java.home" value="/usr/lib/jvm/java-11-openjdk-amd64"/>
    <property name="file.separator" value="/"/>
    <property name="basedir" value="/home/hunan/Desktop/Instigate/ITC-10/Hunan_Khachatryan/JavaCalculator/my_app"/>
    <property name="java.vm.compressedOopsMode" value="32-bit"/>
    <property name="line.separator" value="&#10;"/>
    <property name="java.specification.name" value="Java Platform API Specification"/>
    <property name="java.vm.specification.vendor" value="Oracle Corporation"/>
    <property name="java.awt.graphicsenv" value="sun.awt.X11GraphicsEnvironment"/>
    <property name="surefire.real.class.path" value="/home/hunan/Desktop/Instigate/ITC-10/Hunan_Khachatryan/JavaCalculator/my_app/target/surefire/surefirebooter16895324993178662486.jar"/>
    <property name="sun.management.compiler" value="HotSpot 64-Bit Tiered Compilers"/>
    <property name="java.runtime.version" value="11.0.3+7-Ubuntu-1ubuntu218.04.1"/>
    <property name="user.name" value="hunan"/>
    <property name="path.separator" value=":"/>
    <property name="os.version" value="4.18.0-25-generic"/>
    <property name="java.runtime.name" value="OpenJDK Runtime Environment"/>
    <property name="file.encoding" value="UTF-8"/>
    <property name="java.vm.name" value="OpenJDK 64-Bit Server VM"/>
    <property name="localRepository" value="/home/hunan/.m2/repository"/>
    <property name="java.vendor.url.bug" value="http://bugreport.java.com/bugreport/"/>
    <property name="java.io.tmpdir" value="/tmp"/>
    <property name="java.version" value="11.0.3"/>
    <property name="user.dir" value="/home/hunan/Desktop/Instigate/ITC-10/Hunan_Khachatryan/JavaCalculator/my_app"/>
    <property name="os.arch" value="amd64"/>
    <property name="java.vm.specification.name" value="Java Virtual Machine Specification"/>
    <property name="java.awt.printerjob" value="sun.print.PSPrinterJob"/>
    <property name="sun.os.patch.level" value="unknown"/>
    <property name="java.library.path" value="/usr/java/packages/lib:/usr/lib/x86_64-linux-gnu/jni:/lib/x86_64-linux-gnu:/usr/lib/x86_64-linux-gnu:/usr/lib/jni:/lib:/usr/lib"/>
    <property name="java.vendor" value="Oracle Corporation"/>
    <property name="java.vm.info" value="mixed mode, sharing"/>
    <property name="java.vm.version" value="11.0.3+7-Ubuntu-1ubuntu218.04.1"/>
    <property name="sun.io.unicode.encoding" value="UnicodeLittle"/>
    <property name="java.class.version" value="55.0"/>
  </properties>
  <testcase name="isBalansedTest" classname="am.Instigate.app.AppTest" time="0.002"/>
  <testcase name="priorityMinusTrue" classname="am.Instigate.app.AppTest" time="0"/>
  <testcase name="evalExpressionTrue" classname="am.Instigate.app.AppTest" time="0.001"/>
  <testcase name="priorityPlusTrue" classname="am.Instigate.app.AppTest" time="0"/>
  <testcase name="priorityDivTrue" classname="am.Instigate.app.AppTest" time="0"/>
  <testcase name="isBalansedTestShuldReturnFalse" classname="am.Instigate.app.AppTest" time="0"/>
  <testcase name="readFromFileWidthExeption" classname="am.Instigate.app.AppTest" time="0.006"/>
  <testcase name="writeInFileWidthExeption" classname="am.Instigate.app.AppTest" time="0"/>
  <testcase name="priorityMultiplyTrue" classname="am.Instigate.app.AppTest" time="0.001"/>
  <testcase name="optionPlusTrue" classname="am.Instigate.app.AppTest" time="0"/>
  <testcase name="optionMultiplyTrue" classname="am.Instigate.app.AppTest" time="0.001"/>
  <testcase name="optionDivTrue" classname="am.Instigate.app.AppTest" time="0"/>
  <testcase name="writeInFile" classname="am.Instigate.app.AppTest" time="0"/>
  <testcase name="optionMinusTrue" classname="am.Instigate.app.AppTest" time="0.001"/>
  <testcase name="readFromFile" classname="am.Instigate.app.AppTest" time="0.001"/>
  <testcase name="readAFromFileWidthExeption" classname="am.Instigate.app.AppTest" time="0">
    <skipped/>
  </testcase>
</testsuite>