<?xml version="1.0" encoding="UTF-8"?>
<!-- Generated by org.testng.reporters.JUnitReportReporter -->
<testsuite skipped="1" hostname="MC-0094" name="am.instigatembile.com.TestSignUpPage" tests="1" failures="0" timestamp="06 Aug 2019 14:26:36 GMT" time="0.000" errors="0">
  <testcase name="test_Login_Page_Appear_Correct" time="0.000" classname="am.instigatembile.com.TestSignUpPage">
    <skipped/>
  </testcase> <!-- test_Login_Page_Appear_Correct -->
</testsuite> <!-- am.instigatembile.com.TestSignUpPage -->
