<?xml version="1.0" encoding="UTF-8"?>
<!-- Generated by org.testng.reporters.JUnitReportReporter -->
<testsuite skipped="0" hostname="An-comp" name="am.instigatembile.com.TestSignInPage" tests="1" failures="0" timestamp="07 Aug 2019 00:11:26 GMT" time="0.360" errors="0">
  <testcase name="test_Home_Page_Appear_Correct" time="0.360" classname="am.instigatembile.com.TestSignInPage"/>
</testsuite> <!-- am.instigatembile.com.TestSignInPage -->
